
 *------------------------------------------------------------------------------------*
 |                                                                                    |
 |  *------------------------------------------------------------------------------*  |
 |  |                                                                              |  |
 |  |                                                                              |  |
 |  |   PPP   Y   Y  TTTTT  H   H  III    A      Welcome to the Lund Monte Carlo!  |  |
 |  |   P  P   Y Y     T    H   H   I    A A     This is PYTHIA version 8.315      |  |
 |  |   PPP     Y      T    HHHHH   I   AAAAA    Last date of change: 27 May 2025  |  |
 |  |   P       Y      T    H   H   I   A   A                                      |  |
 |  |   P       Y      T    H   H  III  A   A    Now is 11 Nov 2025 at 11:55:31    |  |
 |  |                                                                              |  |
 |  |   Program documentation and an archive of historic versions is found on:     |  |
 |  |                                                                              |  |
 |  |                               https://pythia.org/                            |  |
 |  |                                                                              |  |
 |  |   PYTHIA is authored by a collaboration consisting of:                       |  |
 |  |                                                                              |  |
 |  |   Javira Altmann, Christian Bierlich, Naomi Cooke, Nishita Desai,            |  |
 |  |   Ilkka Helenius, Philip Ilten, Leif Lonnblad, Stephen Mrenna,               |  |
 |  |   Christian Preuss, Torbjorn Sjostrand, and Peter Skands.                    |  |
 |  |                                                                              |  |
 |  |   The complete list of authors, including contact information and            |  |
 |  |   affiliations, can be found on https://pythia.org/.                         |  |
 |  |   Problems or bugs should be reported on email at authors@pythia.org.        |  |
 |  |                                                                              |  |
 |  |   The main program reference is C. Bierlich et al,                           |  |
 |  |   'A comprehensive guide to the physics and usage of Pythia 8.3',            |  |
 |  |   SciPost Phys. Codebases 8-r8.3 (2022) [arXiv:2203.11601 [hep-ph]]          |  |
 |  |                                                                              |  |
 |  |   PYTHIA is released under the GNU General Public Licence version 2          |  |
 |  |   or later. Please respect the MCnet Guidelines for Generator Authors        |  |
 |  |   and Users.                                                                 |  |
 |  |                                                                              |  |
 |  |   Disclaimer: this program comes without any guarantees.                     |  |
 |  |   Beware of errors and use common sense when interpreting results.           |  |
 |  |                                                                              |  |
 |  |   Copyright (C) 2025 Torbjorn Sjostrand                                      |  |
 |  |                                                                              |  |
 |  |                                                                              |  |
 |  *------------------------------------------------------------------------------*  |
 |                                                                                    |
 *------------------------------------------------------------------------------------*


 *-------  PYTHIA Process Initialization  --------------------------*
 |                                                                  |
 | We collide p+ with p+ at a CM energy of 1.300e+04 GeV            |
 |                                                                  |
 |------------------------------------------------------------------|
 |                                                    |             |
 | Subprocess                                    Code |   Estimated |
 |                                                    |    max (mb) |
 |                                                    |             |
 |------------------------------------------------------------------|
 |                                                    |             |
 | g g -> H (SM)                                  902 |   0.000e+00 |
 |                                                                  |
 *-------  End PYTHIA Process Initialization -----------------------*
 PYTHIA Error in ProcessLevel::init: all processes have vanishing cross sections
 PYTHIA Abort from Pythia::init: processLevel initialization failed
